<?xml version="1.0" encoding="UTF-8"?>
<testsuite name="com.example.project.TestTema1" tests="1" skipped="0" failures="0" errors="0" timestamp="2022-12-05T23:20:18" hostname="Darians-MacBook-Pro.local" time="0.05">
  <properties/>
  <testcase name="testCreateQuestionSuccessfully()" classname="com.example.project.TestTema1" time="0.05"/>
  <system-out><![CDATA[]]></system-out>
  <system-err><![CDATA[]]></system-err>
</testsuite>
