<?xml version="1.0" encoding="UTF-8"?>
<testsuite name="com.example.project.TestTema1" tests="74" skipped="0" failures="0" errors="0" timestamp="2022-11-28T19:16:53" hostname="192-168-0-101.rdsnet.ro" time="0.241">
  <properties/>
  <testcase name="testSubmitQuizUsernameDoesNotExists()" classname="com.example.project.TestTema1" time="0.014"/>
  <testcase name="testDeleteQuizLoginCredentialsAreWrong()" classname="com.example.project.TestTema1" time="0.012"/>
  <testcase name="testGetAllQuizezLoginCredentialsAreWrong()" classname="com.example.project.TestTema1" time="0.002"/>
  <testcase name="testGetQuestionNoPassword()" classname="com.example.project.TestTema1" time="0.002"/>
  <testcase name="testCreateQuizNameAlreadyExists()" classname="com.example.project.TestTema1" time="0.016"/>
  <testcase name="testQuestionAnswerHasNoAnswerFlag()" classname="com.example.project.TestTema1" time="0.002"/>
  <testcase name="testGetAllQuizezNoUsername()" classname="com.example.project.TestTema1" time="0.002"/>
  <testcase name="testCreateQuizLoginCredentialsAreWrong()" classname="com.example.project.TestTema1" time="0.003"/>
  <testcase name="testSubmitQuizNoId()" classname="com.example.project.TestTema1" time="0.003"/>
  <testcase name="testCreateQuestionLoginCredentialsAreWrong()" classname="com.example.project.TestTema1" time="0.003"/>
  <testcase name="testQuestionAnswerHasNoDescription()" classname="com.example.project.TestTema1" time="0.003"/>
  <testcase name="testGetQuestionNotFound()" classname="com.example.project.TestTema1" time="0.003"/>
  <testcase name="testDeleteQuizUsernameDoesNotExists()" classname="com.example.project.TestTema1" time="0.002"/>
  <testcase name="testDummy()" classname="com.example.project.TestTema1" time="0.001"/>
  <testcase name="testGetSolutionsNoUsername()" classname="com.example.project.TestTema1" time="0.002"/>
  <testcase name="testSubmitQuizLoginCredentialsAreWrong()" classname="com.example.project.TestTema1" time="0.003"/>
  <testcase name="testCreateUserNoUsername()" classname="com.example.project.TestTema1" time="0.002"/>
  <testcase name="testCreateQuizUsernameDoesNotExists()" classname="com.example.project.TestTema1" time="0.002"/>
  <testcase name="testSubmitQuizNoUsername()" classname="com.example.project.TestTema1" time="0.001"/>
  <testcase name="testSubmitQuizNotFound()" classname="com.example.project.TestTema1" time="0.003"/>
  <testcase name="testGetQuizDetailsNoUsername()" classname="com.example.project.TestTema1" time="0.001"/>
  <testcase name="testCreateQuestionWithExistingName()" classname="com.example.project.TestTema1" time="0.003"/>
  <testcase name="testGetSolutionsSuccessfully()" classname="com.example.project.TestTema1" time="0.013"/>
  <testcase name="testSingleAnswerQuestionHasMultipleCorrectAnswers()" classname="com.example.project.TestTema1" time="0.002"/>
  <testcase name="testCreateQuizNoUsername()" classname="com.example.project.TestTema1" time="0.003"/>
  <testcase name="testGetAllQuestionsLoginCredentialsAreWrong()" classname="com.example.project.TestTema1" time="0.003"/>
  <testcase name="testQuestionHasNoAnswers()" classname="com.example.project.TestTema1" time="0.002"/>
  <testcase name="testGetQuestionLoginCredentialsAreWrong()" classname="com.example.project.TestTema1" time="0.002"/>
  <testcase name="testGetAllQuestionsUsernameDoesNotExists()" classname="com.example.project.TestTema1" time="0.001"/>
  <testcase name="testGetQuizNoUsername()" classname="com.example.project.TestTema1" time="0.001"/>
  <testcase name="testGetAllQuizezUsernameDoesNotExists()" classname="com.example.project.TestTema1" time="0.002"/>
  <testcase name="testQuestionHasOnlyOneAnswer()" classname="com.example.project.TestTema1" time="0.002"/>
  <testcase name="testDeleteQuizSuccessfully()" classname="com.example.project.TestTema1" time="0.004"/>
  <testcase name="testGetAllQuestionsNoUsername()" classname="com.example.project.TestTema1" time="0.001"/>
  <testcase name="testDeleteQuizNoUsername()" classname="com.example.project.TestTema1" time="0.002"/>
  <testcase name="testCreateQuestionNoUsername()" classname="com.example.project.TestTema1" time="0.001"/>
  <testcase name="testDeleteQuizNotFound()" classname="com.example.project.TestTema1" time="0.004"/>
  <testcase name="testGetAllQuizezNoPassword()" classname="com.example.project.TestTema1" time="0.002"/>
  <testcase name="testDeleteQuizNoId()" classname="com.example.project.TestTema1" time="0.002"/>
  <testcase name="testGetQuizNotFound()" classname="com.example.project.TestTema1" time="0.002"/>
  <testcase name="testCreateQuestionSuccessfully()" classname="com.example.project.TestTema1" time="0.002"/>
  <testcase name="testGetQuizUsernameDoesNotExists()" classname="com.example.project.TestTema1" time="0.002"/>
  <testcase name="testCreateUserUserCreatedSuccesfully()" classname="com.example.project.TestTema1" time="0.001"/>
  <testcase name="testGetSolutionsNoPassword()" classname="com.example.project.TestTema1" time="0.004"/>
  <testcase name="testGetQuestionSuccessfully()" classname="com.example.project.TestTema1" time="0.003"/>
  <testcase name="testCreateUserNoPassword()" classname="com.example.project.TestTema1" time="0.002"/>
  <testcase name="testGetQuizSuccessfully()" classname="com.example.project.TestTema1" time="0.004"/>
  <testcase name="testGetQuizDetailsUsernameDoesNotExists()" classname="com.example.project.TestTema1" time="0.001"/>
  <testcase name="testSubmitQuiz2Of3QuestionsAnswered()" classname="com.example.project.TestTema1" time="0.005"/>
  <testcase name="testQuestionDuplicateAnswers()" classname="com.example.project.TestTema1" time="0.002"/>
  <testcase name="testGetQuestionUsernameDoesNotExists()" classname="com.example.project.TestTema1" time="0.001"/>
  <testcase name="testSubmitQuizNoPassword()" classname="com.example.project.TestTema1" time="0.002"/>
  <testcase name="testGetQuizDetailsNoPassword()" classname="com.example.project.TestTema1" time="0.001"/>
  <testcase name="testCreateQuestionUsernameDoesNotExists()" classname="com.example.project.TestTema1" time="0.001"/>
  <testcase name="testCreateQuizNoPassword()" classname="com.example.project.TestTema1" time="0.001"/>
  <testcase name="testQuestionHasNoText()" classname="com.example.project.TestTema1" time="0.002"/>
  <testcase name="testSubmitQuizSuccessfully()" classname="com.example.project.TestTema1" time="0.004"/>
  <testcase name="testGetQuizNoPassword()" classname="com.example.project.TestTema1" time="0.001"/>
  <testcase name="testGetSolutionsUserDoesNotExists()" classname="com.example.project.TestTema1" time="0.001"/>
  <testcase name="testGetQuestionNoUsername()" classname="com.example.project.TestTema1" time="0.001"/>
  <testcase name="testGetAllQuestionsNoPassword()" classname="com.example.project.TestTema1" time="0.001"/>
  <testcase name="testCreateQuizQuestionIdDoesNotExist()" classname="com.example.project.TestTema1" time="0.002"/>
  <testcase name="testDeleteQuizNoPassword()" classname="com.example.project.TestTema1" time="0.001"/>
  <testcase name="testCreateQuestionNoPassword()" classname="com.example.project.TestTema1" time="0.001"/>
  <testcase name="testGetAllQuizezSuccessfully()" classname="com.example.project.TestTema1" time="0.007"/>
  <testcase name="testGetSolutionsWrongCredentials()" classname="com.example.project.TestTema1" time="0.002"/>
  <testcase name="testCreateUserUserAlreadyExists()" classname="com.example.project.TestTema1" time="0.002"/>
  <testcase name="testGetAllQuestionsSuccessfully()" classname="com.example.project.TestTema1" time="0.005"/>
  <testcase name="testSubmitQuizAnsweredWrong()" classname="com.example.project.TestTema1" time="0.004"/>
  <testcase name="testSubmitQuiz1QuestionAnsweredWrong2QuestionsAnsweredCorectly()" classname="com.example.project.TestTema1" time="0.004"/>
  <testcase name="testGetQuizLoginCredentialsAreWrong()" classname="com.example.project.TestTema1" time="0.002"/>
  <testcase name="testGetQuizDetailsLoginCredentialsAreWrong()" classname="com.example.project.TestTema1" time="0.001"/>
  <testcase name="testCreateQuizSuccessfully()" classname="com.example.project.TestTema1" time="0.002"/>
  <testcase name="testGetQuizDetailsSuccessfully()" classname="com.example.project.TestTema1" time="0.005"/>
  <system-out><![CDATA[]]></system-out>
  <system-err><![CDATA[]]></system-err>
</testsuite>
